<?xml version="1.0" encoding="UTF-8"?>
<!-- Generated by org.testng.reporters.JUnitXMLReporter -->
<testsuite ignored="0" hostname="LAPTOP-POCHI3TQ" failures="1" tests="15" name="Default test" time="26.005" errors="0" timestamp="2024-01-30T18:21:28 IST">
  <testcase classname="com.orangehrm.tests.AddEmployeeTest" name="testUsername" time="0.732"/>
  <testcase classname="com.orangehrm.tests.AddEmployeeTest" name="testPassword" time="0.13"/>
  <testcase classname="com.orangehrm.tests.AddEmployeeTest" name="testLogin" time="0.084"/>
  <testcase classname="com.orangehrm.tests.AddEmployeeTest" name="testLoginPage" time="1.159"/>
  <testcase classname="com.orangehrm.tests.AddEmployeeTest" name="testPIM" time="1.783"/>
  <testcase classname="com.orangehrm.tests.AddEmployeeTest" name="testPIMPageNavigation" time="0.008"/>
  <testcase classname="com.orangehrm.tests.AddEmployeeTest" name="testAddEmployee" time="6.214"/>
  <testcase classname="com.orangehrm.tests.AddEmployeeTest" name="testAddEmployeePageNavigation" time="0.015"/>
  <testcase classname="com.orangehrm.tests.AddEmployeeTest" name="testFirstName" time="0.111"/>
  <testcase classname="com.orangehrm.tests.AddEmployeeTest" name="testMiddleName" time="0.085"/>
  <testcase classname="com.orangehrm.tests.AddEmployeeTest" name="testLastName" time="0.103"/>
  <testcase classname="com.orangehrm.tests.AddEmployeeTest" name="testEmployeeId" time="0.121"/>
  <testcase classname="com.orangehrm.tests.AddEmployeeTest" name="testSave" time="5.07"/>
  <testcase classname="com.orangehrm.tests.AddEmployeeTest" name="testEmployeePersonalDetailsPageNavigation" time="0.012"/>
  <testcase classname="com.orangehrm.tests.AddEmployeeTest" name="testEmployeeName" time="0.053">
    <failure type="java.lang.AssertionError" message="expected [Priyanka Piyush Sonone] but found []">
      <![CDATA[java.lang.AssertionError: expected [Priyanka Piyush Sonone] but found []
at org.testng.Assert.fail(Assert.java:110)
at org.testng.Assert.failNotEquals(Assert.java:1577)
at org.testng.Assert.assertEqualsImpl(Assert.java:149)
at org.testng.Assert.assertEquals(Assert.java:131)
at org.testng.Assert.assertEquals(Assert.java:655)
at org.testng.Assert.assertEquals(Assert.java:665)
at com.orangehrm.tests.AddEmployeeTest.testEmployeeName(AddEmployeeTest.java:197)
at java.base/jdk.internal.reflect.NativeMethodAccessorImpl.invoke0(Native Method)
at java.base/jdk.internal.reflect.NativeMethodAccessorImpl.invoke(NativeMethodAccessorImpl.java:77)
at java.base/jdk.internal.reflect.DelegatingMethodAccessorImpl.invoke(DelegatingMethodAccessorImpl.java:43)
at java.base/java.lang.reflect.Method.invoke(Method.java:568)
at org.testng.internal.invokers.MethodInvocationHelper.invokeMethod(MethodInvocationHelper.java:139)
at org.testng.internal.invokers.TestInvoker.invokeMethod(TestInvoker.java:677)
at org.testng.internal.invokers.TestInvoker.invokeTestMethod(TestInvoker.java:221)
at org.testng.internal.invokers.MethodRunner.runInSequence(MethodRunner.java:50)
at org.testng.internal.invokers.TestInvoker$MethodInvocationAgent.invoke(TestInvoker.java:969)
at org.testng.internal.invokers.TestInvoker.invokeTestMethods(TestInvoker.java:194)
at org.testng.internal.invokers.TestMethodWorker.invokeTestMethods(TestMethodWorker.java:148)
at org.testng.internal.invokers.TestMethodWorker.run(TestMethodWorker.java:128)
at java.base/java.util.ArrayList.forEach(ArrayList.java:1511)
at org.testng.TestRunner.privateRun(TestRunner.java:829)
at org.testng.TestRunner.run(TestRunner.java:602)
at org.testng.SuiteRunner.runTest(SuiteRunner.java:437)
at org.testng.SuiteRunner.runSequentially(SuiteRunner.java:431)
at org.testng.SuiteRunner.privateRun(SuiteRunner.java:391)
at org.testng.SuiteRunner.run(SuiteRunner.java:330)
at org.testng.SuiteRunnerWorker.runSuite(SuiteRunnerWorker.java:52)
at org.testng.SuiteRunnerWorker.run(SuiteRunnerWorker.java:95)
at org.testng.TestNG.runSuitesSequentially(TestNG.java:1256)
at org.testng.TestNG.runSuitesLocally(TestNG.java:1176)
at org.testng.TestNG.runSuites(TestNG.java:1099)
at org.testng.TestNG.run(TestNG.java:1067)
at org.testng.remote.AbstractRemoteTestNG.run(AbstractRemoteTestNG.java:115)
at org.testng.remote.RemoteTestNG.initAndRun(RemoteTestNG.java:251)
at org.testng.remote.RemoteTestNG.main(RemoteTestNG.java:77)
]]>
    </failure>
  </testcase> <!-- testEmployeeName -->
</testsuite> <!-- Default test -->
