<?xml version="1.0" encoding="UTF-8"?>
<!-- Generated by org.testng.reporters.JUnitXMLReporter -->
<testsuite ignored="0" hostname="LAPTOP-POCHI3TQ" failures="2" tests="3" name="Test" time="27.059" errors="0" timestamp="2024-01-27T17:11:45 IST">
  <testcase classname="com.orangehrm.tests.LoginTest_DDT" name="testLoginFunctionality" time="2.128">
    <failure type="java.lang.AssertionError" message="expected [true] but found [false]">
      <![CDATA[java.lang.AssertionError: expected [true] but found [false]
at com.orangehrm.tests.LoginTest_DDT.testLoginFunctionality(LoginTest_DDT.java:47)
at java.base/java.util.ArrayList.forEach(ArrayList.java:1511)
... Removed 31 stack frames]]>
    </failure>
  </testcase> <!-- testLoginFunctionality -->
  <testcase classname="com.orangehrm.tests.LoginTest_DDT" name="testLoginFunctionality" time="2.25"/>
  <testcase classname="com.orangehrm.tests.LoginTest_DDT" name="testLoginFunctionality" time="0.664">
    <failure type="java.lang.IllegalArgumentException" message="Keys to send should be a not null CharSequence">
      <![CDATA[java.lang.IllegalArgumentException: Keys to send should be a not null CharSequence
at org.openqa.selenium.remote.RemoteWebElement.sendKeys(RemoteWebElement.java:97)
at org.openqa.selenium.support.pagefactory.internal.LocatingElementHandler.invoke(LocatingElementHandler.java:51)
at jdk.proxy2/jdk.proxy2.$Proxy18.sendKeys(Unknown Source)
at com.orangehrm.utilities.ElementUtils.typeTextIntoElement(ElementUtils.java:35)
at com.orangehrm.pages.LoginPage.enterUsername(LoginPage.java:30)
at com.orangehrm.tests.LoginTest_DDT.testLoginFunctionality(LoginTest_DDT.java:34)
at java.base/java.util.ArrayList.forEach(ArrayList.java:1511)
... Removed 31 stack frames]]>
    </failure>
  </testcase> <!-- testLoginFunctionality -->
</testsuite> <!-- Test -->
